[2024-09-24 10:59:59,545: INFO: common: yaml file: config\config.yaml loaded successfully]
[2024-09-24 10:59:59,569: INFO: common: yaml file: params.yaml loaded successfully]
[2024-09-24 10:59:59,573: INFO: common: created directory at: artifacts]
[2024-09-24 10:59:59,576: INFO: common: created directory at: artifacts/data_ingestion]
[2024-09-24 10:59:59,581: INFO: 401515409: Downloading data from https://drive.google.com/file/d/1vlhZ5c7abUKF8xXERIw6m9Te8fW7ohw3/view?usp=sharing into file artifacts/data_ingestion/data.zip]
[2024-09-24 11:01:57,651: INFO: common: yaml file: config\config.yaml loaded successfully]
[2024-09-24 11:01:57,651: INFO: common: yaml file: params.yaml loaded successfully]
[2024-09-24 11:01:57,651: INFO: common: created directory at: artifacts]
[2024-09-24 11:01:57,651: INFO: common: created directory at: artifacts/data_ingestion]
[2024-09-24 11:01:57,651: INFO: 401515409: Downloading data from https://drive.google.com/file/d/1vlhZ5c7abUKF8xXERIw6m9Te8fW7ohw3/view?usp=sharing into file artifacts/data_ingestion/data.zip]
[2024-09-24 11:03:21,083: INFO: 401515409: Downloaded data from https://drive.google.com/file/d/1vlhZ5c7abUKF8xXERIw6m9Te8fW7ohw3/view?usp=sharing into file artifacts/data_ingestion/data.zip]
[2024-09-24 12:03:09,436: INFO: main: >>>>>> stage Data ingestion stage started <<<<<<]
[2024-09-24 12:03:09,438: INFO: common: yaml file: config\config.yaml loaded successfully]
[2024-09-24 12:03:09,440: INFO: common: yaml file: params.yaml loaded successfully]
[2024-09-24 12:03:09,441: INFO: common: created directory at: artifacts]
[2024-09-24 12:03:09,441: INFO: common: created directory at: artifacts/data_ingestion]
[2024-09-24 12:03:09,441: INFO: data_ingestion: Downloading data from https://drive.google.com/file/d/1vlhZ5c7abUKF8xXERIw6m9Te8fW7ohw3/view?usp=sharing into file artifacts/data_ingestion/data.zip]
[2024-09-24 12:05:04,182: INFO: data_ingestion: Downloaded data from https://drive.google.com/file/d/1vlhZ5c7abUKF8xXERIw6m9Te8fW7ohw3/view?usp=sharing into file artifacts/data_ingestion/data.zip]
[2024-09-24 12:05:04,634: INFO: main: >>>>>> stage Data ingestion stage completed <<<<<<

x==========x]
